{
  "RSpec": {
    "coverage": {
      "/Users/bryansummers/Coder Factory/FinalProject/jre/app/helpers/application_helper.rb": [
        1,
        null
      ],
      "/Users/bryansummers/Coder Factory/FinalProject/jre/app/helpers/guests_helper.rb": [
        1,
        null
      ],
      "/Users/bryansummers/Coder Factory/FinalProject/jre/app/helpers/links_helper.rb": [
        1,
        null
      ],
      "/Users/bryansummers/Coder Factory/FinalProject/jre/app/helpers/sessions_helper.rb": [
        1,
        null
      ],
      "/Users/bryansummers/Coder Factory/FinalProject/jre/app/helpers/tweets_helper.rb": [
        1,
        null
      ],
      "/Users/bryansummers/Coder Factory/FinalProject/jre/app/controllers/application_controller.rb": [
        1,
        null,
        null,
        1,
        null,
        1,
        0,
        null,
        1,
        null,
        1,
        0,
        null,
        1,
        null,
        1,
        0,
        0,
        null,
        null,
        null
      ],
      "/Users/bryansummers/Coder Factory/FinalProject/jre/app/controllers/guests_controller.rb": [
        1,
        1,
        null,
        1,
        0,
        null,
        null,
        1,
        0,
        0,
        null,
        null,
        1,
        null,
        null,
        null,
        1,
        1,
        0,
        null,
        null,
        1,
        0,
        null,
        null
      ],
      "/Users/bryansummers/Coder Factory/FinalProject/jre/app/controllers/sessions_controller.rb": [
        1,
        1,
        0,
        0,
        0,
        null,
        null,
        1,
        0,
        0,
        null,
        null,
        1,
        1,
        0,
        null,
        null
      ],
      "/Users/bryansummers/Coder Factory/FinalProject/jre/app/controllers/tweets_controller.rb": [
        1,
        1,
        1,
        1,
        null,
        1,
        0,
        0,
        null,
        null,
        1,
        0,
        null,
        null,
        null,
        1,
        0,
        0,
        0,
        null,
        null,
        1,
        null,
        null,
        1,
        0,
        0,
        0,
        0,
        null,
        0,
        null,
        0,
        null,
        null,
        1,
        0,
        0,
        null,
        null,
        1,
        0,
        0,
        null,
        null,
        1,
        1,
        0,
        null,
        null,
        1,
        0,
        null,
        null
      ],
      "/Users/bryansummers/Coder Factory/FinalProject/jre/app/models/guest.rb": [
        1,
        1,
        null,
        1,
        null,
        1,
        1,
        null
      ],
      "/Users/bryansummers/Coder Factory/FinalProject/jre/app/uploaders/image_uploader.rb": [
        null,
        null,
        1,
        1,
        null,
        null,
        null,
        null,
        null,
        null,
        null,
        null,
        null,
        null,
        null,
        null,
        null,
        null,
        null,
        null,
        null,
        null,
        null,
        null,
        null,
        null,
        null,
        null,
        null,
        null,
        null,
        null,
        null,
        null,
        null,
        null,
        null,
        null,
        null,
        null,
        null,
        null,
        null,
        null,
        null,
        null,
        null,
        null,
        null,
        null,
        null,
        null
      ],
      "/Users/bryansummers/Coder Factory/FinalProject/jre/app/models/link.rb": [
        1,
        1,
        1,
        null
      ],
      "/Users/bryansummers/Coder Factory/FinalProject/jre/app/models/tweet.rb": [
        1,
        1,
        1,
        null,
        1,
        null,
        null,
        1,
        null,
        1,
        0,
        null,
        null,
        1,
        0,
        null,
        null,
        null,
        null,
        null,
        null,
        null,
        null
      ],
      "/Users/bryansummers/Coder Factory/FinalProject/jre/app/models/user.rb": [
        1,
        1,
        null,
        1,
        0,
        0,
        null,
        null,
        null,
        null,
        null,
        0,
        null,
        null,
        1,
        null,
        0,
        0,
        0,
        0,
        0,
        null,
        null
      ]
    },
    "timestamp": 1436068397
  }
}
